<?xml version="1.0" encoding="UTF-8"?>
<!-- Generated by org.testng.reporters.JUnitXMLReporter -->
<testsuite ignored="4" hostname="LAPTOP-37FJT3LB" failures="1" tests="13" name="Test" time="26.55" errors="0" timestamp="21 Oct 2021 07:01:56 GMT">
  <testcase classname="TestClasses.LoginTestCRM" name="LoginTest" time="7.94"/>
  <testcase classname="TestClasses.ContactsTest" name="contactLinkTest" time="9.009"/>
  <testcase classname="TestClasses.ContactsTest" name="nameTextboxTest" time="0.434"/>
  <testcase classname="TestClasses.ContactsTest" name="suffixDropdownTest" time="0.357"/>
  <testcase classname="TestClasses.ContactsTest" name="fileUploadTest" time="0.154"/>
  <testcase classname="TestClasses.ContactsTest" name="selctTitleDropdownTest" time="0.208"/>
  <testcase classname="TestClasses.AlertLinkTest" name="redirectToAlertTest" time="2.128"/>
  <testcase classname="TestClasses.AlertLinkTest" name="alertSelectTest" time="0.235"/>
  <testcase classname="TestClasses.AlertLinkTest" name="globalAlertSelectTest" time="0.325"/>
  <testcase classname="TestClasses.AlertLinkTest" name="triggerAlertSelectTest" time="0.163"/>
  <testcase classname="TestClasses.AlertLinkTest" name="emailAlertTest" time="0.2"/>
  <testcase classname="TestClasses.AlertLinkTest" name="radioButtonTest" time="0.141"/>
  <testcase classname="TestClasses.AlertLinkTest" name="saveButtonTest" time="2.479">
    <failure type="java.lang.AssertionError" message="expected [true] but found [false]">
      <![CDATA[java.lang.AssertionError: expected [true] but found [false]
at TestClasses.AlertLinkTest.saveButtonTest(AlertLinkTest.java:53)
... Removed 33 stack frames]]>
    </failure>
  </testcase> <!-- saveButtonTest -->
  <testcase classname="TestClasses.BaseClass" name="@AfterSuite tearDown" time="0.0">
    <ignored/>
  </testcase> <!-- @AfterSuite tearDown -->
  <testcase classname="TestClasses.BaseClass" name="@AfterSuite tearDown" time="0.0">
    <ignored/>
  </testcase> <!-- @AfterSuite tearDown -->
  <testcase classname="TestClasses.BaseClass" name="@BeforeSuite initBrowser" time="0.0">
    <ignored/>
  </testcase> <!-- @BeforeSuite initBrowser -->
  <testcase classname="TestClasses.BaseClass" name="@BeforeSuite initBrowser" time="0.0">
    <ignored/>
  </testcase> <!-- @BeforeSuite initBrowser -->
</testsuite> <!-- Test -->
