<?xml version="1.0" encoding="UTF-8"?>
<testng-results ignored="4" total="17" passed="12" failed="1" skipped="0">
  <reporter-output>
    <line>
      <![CDATA[Alert Dropdown Test]]>
    </line>
    <line>
      <![CDATA[DropdownTest]]>
    </line>
  </reporter-output>
  <suite started-at="2021-10-21T07:01:29Z" name="NewProject" finished-at="2021-10-21T07:01:55Z" duration-ms="26550">
    <groups>
    </groups>
    <test started-at="2021-10-21T07:01:29Z" name="Test" finished-at="2021-10-21T07:01:55Z" duration-ms="26550">
      <class name="TestClasses.ContactsTest">
        <test-method signature="contactLinkTest()[pri:0, instance:TestClasses.ContactsTest@b4711e2]" started-at="2021-10-21T07:01:37Z" name="contactLinkTest" finished-at="2021-10-21T07:01:46Z" duration-ms="9009" status="PASS">
          <reporter-output>
          </reporter-output>
        </test-method> <!-- contactLinkTest -->
        <test-method signature="nameTextboxTest()[pri:1, instance:TestClasses.ContactsTest@b4711e2]" started-at="2021-10-21T07:01:47Z" name="nameTextboxTest" finished-at="2021-10-21T07:01:47Z" duration-ms="434" status="PASS">
          <reporter-output>
          </reporter-output>
        </test-method> <!-- nameTextboxTest -->
        <test-method signature="suffixDropdownTest()[pri:2, instance:TestClasses.ContactsTest@b4711e2]" started-at="2021-10-21T07:01:47Z" name="suffixDropdownTest" finished-at="2021-10-21T07:01:47Z" duration-ms="357" status="PASS">
          <reporter-output>
          </reporter-output>
        </test-method> <!-- suffixDropdownTest -->
        <test-method signature="fileUploadTest()[pri:3, instance:TestClasses.ContactsTest@b4711e2]" started-at="2021-10-21T07:01:47Z" name="fileUploadTest" finished-at="2021-10-21T07:01:48Z" duration-ms="154" status="PASS">
          <reporter-output>
          </reporter-output>
        </test-method> <!-- fileUploadTest -->
        <test-method signature="selctTitleDropdownTest()[pri:4, instance:TestClasses.ContactsTest@b4711e2]" started-at="2021-10-21T07:01:48Z" name="selctTitleDropdownTest" finished-at="2021-10-21T07:01:48Z" duration-ms="208" status="PASS">
          <reporter-output>
          </reporter-output>
        </test-method> <!-- selctTitleDropdownTest -->
      </class> <!-- TestClasses.ContactsTest -->
      <class name="TestClasses.LoginTestCRM">
        <test-method is-config="true" signature="initBrowser()[pri:0, instance:TestClasses.LoginTestCRM@2796aeae]" started-at="2021-10-21T07:01:01Z" name="initBrowser" finished-at="2021-10-21T07:01:29Z" duration-ms="28336" status="PASS">
          <reporter-output>
          </reporter-output>
        </test-method> <!-- initBrowser -->
        <test-method signature="LoginTest()[pri:0, instance:TestClasses.LoginTestCRM@2796aeae]" started-at="2021-10-21T07:01:29Z" name="LoginTest" finished-at="2021-10-21T07:01:37Z" duration-ms="7940" status="PASS">
          <reporter-output>
          </reporter-output>
        </test-method> <!-- LoginTest -->
        <test-method is-config="true" signature="tearDown()[pri:0, instance:TestClasses.LoginTestCRM@2796aeae]" started-at="2021-10-21T07:01:56Z" name="tearDown" finished-at="2021-10-21T07:01:57Z" duration-ms="931" status="PASS">
          <reporter-output>
          </reporter-output>
        </test-method> <!-- tearDown -->
      </class> <!-- TestClasses.LoginTestCRM -->
      <class name="TestClasses.AlertLinkTest">
        <test-method signature="redirectToAlertTest()[pri:6, instance:TestClasses.AlertLinkTest@1fa1cab1]" started-at="2021-10-21T07:01:48Z" name="redirectToAlertTest" finished-at="2021-10-21T07:01:50Z" duration-ms="2128" status="PASS">
          <reporter-output>
          </reporter-output>
        </test-method> <!-- redirectToAlertTest -->
        <test-method signature="alertSelectTest()[pri:7, instance:TestClasses.AlertLinkTest@1fa1cab1]" started-at="2021-10-21T07:01:50Z" name="alertSelectTest" finished-at="2021-10-21T07:01:50Z" duration-ms="235" status="PASS">
          <reporter-output>
            <line>
              <![CDATA[Alert Dropdown Test]]>
            </line>
          </reporter-output>
        </test-method> <!-- alertSelectTest -->
        <test-method signature="globalAlertSelectTest()[pri:8, instance:TestClasses.AlertLinkTest@1fa1cab1]" started-at="2021-10-21T07:01:50Z" name="globalAlertSelectTest" finished-at="2021-10-21T07:01:51Z" duration-ms="325" status="PASS">
          <reporter-output>
          </reporter-output>
        </test-method> <!-- globalAlertSelectTest -->
        <test-method signature="triggerAlertSelectTest()[pri:9, instance:TestClasses.AlertLinkTest@1fa1cab1]" started-at="2021-10-21T07:01:51Z" name="triggerAlertSelectTest" finished-at="2021-10-21T07:01:51Z" duration-ms="163" status="PASS">
          <reporter-output>
            <line>
              <![CDATA[DropdownTest]]>
            </line>
          </reporter-output>
        </test-method> <!-- triggerAlertSelectTest -->
        <test-method signature="emailAlertTest()[pri:10, instance:TestClasses.AlertLinkTest@1fa1cab1]" started-at="2021-10-21T07:01:51Z" name="emailAlertTest" finished-at="2021-10-21T07:01:51Z" duration-ms="200" status="PASS">
          <reporter-output>
          </reporter-output>
        </test-method> <!-- emailAlertTest -->
        <test-method signature="radioButtonTest()[pri:11, instance:TestClasses.AlertLinkTest@1fa1cab1]" started-at="2021-10-21T07:01:51Z" name="radioButtonTest" finished-at="2021-10-21T07:01:51Z" duration-ms="141" status="PASS">
          <reporter-output>
          </reporter-output>
        </test-method> <!-- radioButtonTest -->
        <test-method signature="saveButtonTest()[pri:12, instance:TestClasses.AlertLinkTest@1fa1cab1]" started-at="2021-10-21T07:01:51Z" name="saveButtonTest" finished-at="2021-10-21T07:01:54Z" duration-ms="2479" status="FAIL">
          <exception class="java.lang.AssertionError">
            <message>
              <![CDATA[expected [true] but found [false]]]>
            </message>
            <full-stacktrace>
              <![CDATA[java.lang.AssertionError: expected [true] but found [false]
at org.testng.Assert.fail(Assert.java:96)
at org.testng.Assert.failNotEquals(Assert.java:776)
at org.testng.Assert.assertTrue(Assert.java:44)
at org.testng.Assert.assertTrue(Assert.java:54)
at TestClasses.AlertLinkTest.saveButtonTest(AlertLinkTest.java:53)
at java.base/jdk.internal.reflect.NativeMethodAccessorImpl.invoke0(Native Method)
at java.base/jdk.internal.reflect.NativeMethodAccessorImpl.invoke(NativeMethodAccessorImpl.java:78)
at java.base/jdk.internal.reflect.DelegatingMethodAccessorImpl.invoke(DelegatingMethodAccessorImpl.java:43)
at java.base/java.lang.reflect.Method.invoke(Method.java:567)
at org.testng.internal.MethodInvocationHelper.invokeMethod(MethodInvocationHelper.java:124)
at org.testng.internal.Invoker.invokeMethod(Invoker.java:583)
at org.testng.internal.Invoker.invokeTestMethod(Invoker.java:719)
at org.testng.internal.Invoker.invokeTestMethods(Invoker.java:989)
at org.testng.internal.TestMethodWorker.invokeTestMethods(TestMethodWorker.java:125)
at org.testng.internal.TestMethodWorker.run(TestMethodWorker.java:109)
at org.testng.TestRunner.privateRun(TestRunner.java:648)
at org.testng.TestRunner.run(TestRunner.java:505)
at org.testng.SuiteRunner.runTest(SuiteRunner.java:455)
at org.testng.SuiteRunner.runSequentially(SuiteRunner.java:450)
at org.testng.SuiteRunner.privateRun(SuiteRunner.java:415)
at org.testng.SuiteRunner.run(SuiteRunner.java:364)
at org.testng.SuiteRunnerWorker.runSuite(SuiteRunnerWorker.java:52)
at org.testng.SuiteRunnerWorker.run(SuiteRunnerWorker.java:84)
at org.testng.TestNG.runSuitesSequentially(TestNG.java:1208)
at org.testng.TestNG.runSuitesLocally(TestNG.java:1137)
at org.testng.TestNG.runSuites(TestNG.java:1049)
at org.testng.TestNG.run(TestNG.java:1017)
at org.apache.maven.surefire.testng.TestNGExecutor.run(TestNGExecutor.java:284)
at org.apache.maven.surefire.testng.TestNGXmlTestSuite.execute(TestNGXmlTestSuite.java:75)
at org.apache.maven.surefire.testng.TestNGProvider.invoke(TestNGProvider.java:119)
at org.apache.maven.surefire.booter.ForkedBooter.runSuitesInProcess(ForkedBooter.java:428)
at org.apache.maven.surefire.booter.ForkedBooter.execute(ForkedBooter.java:162)
at org.apache.maven.surefire.booter.ForkedBooter.run(ForkedBooter.java:562)
at org.apache.maven.surefire.booter.ForkedBooter.main(ForkedBooter.java:548)
]]>
            </full-stacktrace>
          </exception> <!-- java.lang.AssertionError -->
          <reporter-output>
          </reporter-output>
        </test-method> <!-- saveButtonTest -->
      </class> <!-- TestClasses.AlertLinkTest -->
    </test> <!-- Test -->
  </suite> <!-- NewProject -->
</testng-results>
